{"C:\\Users\\diginow\\Documents\\code\\git\\node-ipc\\node-ipc.js":{"path":"C:\\Users\\diginow\\Documents\\code\\git\\node-ipc\\node-ipc.js","s":{"1":1,"2":0,"3":0,"4":0},"b":{},"f":{"1":0},"fnMap":{"1":{"name":"(anonymous_1)","line":6,"loc":{"start":{"line":6,"column":15},"end":{"line":6,"column":17}}}},"statementMap":{"1":{"start":{"line":3,"column":0},"end":{"line":3,"column":41}},"2":{"start":{"line":7,"column":8},"end":{"line":7,"column":16}},"3":{"start":{"line":9,"column":8},"end":{"line":17,"column":9}},"4":{"start":{"line":21,"column":0},"end":{"line":21,"column":29}}},"branchMap":{}},"C:\\Users\\diginow\\Documents\\code\\git\\node-ipc\\services\\IPC.js":{"path":"C:\\Users\\diginow\\Documents\\code\\git\\node-ipc\\services\\IPC.js","s":{"1":1,"2":0,"3":1,"4":0,"5":0,"6":0,"7":0,"8":0,"9":0,"10":0,"11":1,"12":0,"13":0,"14":0,"15":0,"16":0,"17":0,"18":0,"19":0,"20":1,"21":0,"22":0,"23":0,"24":0,"25":0,"26":0,"27":0,"28":0,"29":0,"30":0,"31":1,"32":1,"33":0,"34":0,"35":0,"36":0,"37":0,"38":0,"39":0,"40":0,"41":0,"42":0,"43":0,"44":0,"45":0,"46":0,"47":0,"48":0,"49":0,"50":0,"51":0,"52":0,"53":0,"54":0,"55":0,"56":0,"57":0,"58":0,"59":0,"60":0,"61":0,"62":0,"63":0,"64":0,"65":0,"66":0,"67":0,"68":0,"69":0,"70":0,"71":0,"72":0,"73":1,"74":0,"75":0,"76":0,"77":0,"78":0,"79":0,"80":0,"81":0,"82":0,"83":0,"84":0,"85":0,"86":0,"87":0,"88":0,"89":0,"90":0,"91":0,"92":0,"93":0,"94":0,"95":0,"96":1,"97":0,"98":0,"99":0,"100":0,"101":0,"102":0,"103":0,"104":0,"105":0,"106":0,"107":0,"108":0,"109":0,"110":0,"111":0,"112":0,"113":0,"114":0,"115":0,"116":0,"117":0,"118":0,"119":0,"120":0,"121":0,"122":0,"123":0,"124":0,"125":0,"126":0,"127":0,"128":0,"129":0,"130":0,"131":0,"132":0,"133":0,"134":0},"b":{"1":[0,0],"2":[0,0],"3":[0,0],"4":[0,0],"5":[0,0],"6":[0,0],"7":[0,0],"8":[0,0],"9":[0,0],"10":[0,0],"11":[0,0],"12":[0,0],"13":[0,0],"14":[0,0],"15":[0,0],"16":[0,0],"17":[0,0],"18":[0,0],"19":[0,0],"20":[0,0],"21":[0,0],"22":[0,0],"23":[0,0],"24":[0,0],"25":[0,0],"26":[0,0],"27":[0,0],"28":[0,0],"29":[0,0],"30":[0,0],"31":[0,0],"32":[0,0],"33":[0,0],"34":[0,0],"35":[0,0],"36":[0,0],"37":[0,0]},"f":{"1":0,"2":0,"3":0,"4":0,"5":0,"6":0,"7":0,"8":0},"fnMap":{"1":{"name":"(anonymous_1)","line":9,"loc":{"start":{"line":9,"column":15},"end":{"line":9,"column":17}}},"2":{"name":"log","line":64,"loc":{"start":{"line":64,"column":0},"end":{"line":64,"column":21}}},"3":{"name":"disconnect","line":88,"loc":{"start":{"line":88,"column":0},"end":{"line":88,"column":23}}},"4":{"name":"serve","line":105,"loc":{"start":{"line":105,"column":0},"end":{"line":105,"column":29}}},"5":{"name":"emptyCallback","line":135,"loc":{"start":{"line":135,"column":0},"end":{"line":135,"column":24}}},"6":{"name":"serveNet","line":139,"loc":{"start":{"line":139,"column":0},"end":{"line":139,"column":45}}},"7":{"name":"connect","line":216,"loc":{"start":{"line":216,"column":0},"end":{"line":216,"column":34}}},"8":{"name":"connectNet","line":265,"loc":{"start":{"line":265,"column":0},"end":{"line":265,"column":42}}}},"statementMap":{"1":{"start":{"line":3,"column":0},"end":{"line":6,"column":27}},"2":{"start":{"line":10,"column":8},"end":{"line":60,"column":10}},"3":{"start":{"line":64,"column":0},"end":{"line":86,"column":1}},"4":{"start":{"line":65,"column":4},"end":{"line":67,"column":5}},"5":{"start":{"line":66,"column":8},"end":{"line":66,"column":15}},"6":{"start":{"line":69,"column":4},"end":{"line":81,"column":5}},"7":{"start":{"line":70,"column":8},"end":{"line":72,"column":9}},"8":{"start":{"line":71,"column":12},"end":{"line":71,"column":21}},"9":{"start":{"line":74,"column":8},"end":{"line":80,"column":10}},"10":{"start":{"line":83,"column":4},"end":{"line":85,"column":6}},"11":{"start":{"line":88,"column":0},"end":{"line":103,"column":1}},"12":{"start":{"line":89,"column":4},"end":{"line":91,"column":5}},"13":{"start":{"line":90,"column":8},"end":{"line":90,"column":15}},"14":{"start":{"line":93,"column":4},"end":{"line":93,"column":44}},"15":{"start":{"line":95,"column":4},"end":{"line":95,"column":29}},"16":{"start":{"line":96,"column":4},"end":{"line":100,"column":5}},"17":{"start":{"line":97,"column":8},"end":{"line":99,"column":9}},"18":{"start":{"line":98,"column":12},"end":{"line":98,"column":41}},"19":{"start":{"line":102,"column":4},"end":{"line":102,"column":23}},"20":{"start":{"line":105,"column":0},"end":{"line":133,"column":1}},"21":{"start":{"line":106,"column":4},"end":{"line":109,"column":5}},"22":{"start":{"line":107,"column":8},"end":{"line":107,"column":22}},"23":{"start":{"line":108,"column":8},"end":{"line":108,"column":19}},"24":{"start":{"line":110,"column":4},"end":{"line":117,"column":5}},"25":{"start":{"line":111,"column":8},"end":{"line":115,"column":10}},"26":{"start":{"line":116,"column":8},"end":{"line":116,"column":72}},"27":{"start":{"line":119,"column":4},"end":{"line":121,"column":5}},"28":{"start":{"line":120,"column":8},"end":{"line":120,"column":31}},"29":{"start":{"line":123,"column":4},"end":{"line":127,"column":6}},"30":{"start":{"line":129,"column":4},"end":{"line":132,"column":6}},"31":{"start":{"line":135,"column":0},"end":{"line":137,"column":1}},"32":{"start":{"line":139,"column":0},"end":{"line":214,"column":1}},"33":{"start":{"line":140,"column":4},"end":{"line":145,"column":5}},"34":{"start":{"line":141,"column":8},"end":{"line":141,"column":25}},"35":{"start":{"line":142,"column":8},"end":{"line":142,"column":21}},"36":{"start":{"line":143,"column":8},"end":{"line":143,"column":18}},"37":{"start":{"line":144,"column":8},"end":{"line":144,"column":19}},"38":{"start":{"line":146,"column":4},"end":{"line":151,"column":5}},"39":{"start":{"line":147,"column":8},"end":{"line":147,"column":22}},"40":{"start":{"line":148,"column":8},"end":{"line":148,"column":22}},"41":{"start":{"line":149,"column":8},"end":{"line":149,"column":19}},"42":{"start":{"line":150,"column":8},"end":{"line":150,"column":19}},"43":{"start":{"line":152,"column":4},"end":{"line":159,"column":5}},"44":{"start":{"line":153,"column":8},"end":{"line":157,"column":10}},"45":{"start":{"line":158,"column":8},"end":{"line":158,"column":37}},"46":{"start":{"line":160,"column":4},"end":{"line":165,"column":5}},"47":{"start":{"line":161,"column":8},"end":{"line":161,"column":22}},"48":{"start":{"line":162,"column":8},"end":{"line":162,"column":35}},"49":{"start":{"line":163,"column":8},"end":{"line":163,"column":19}},"50":{"start":{"line":164,"column":8},"end":{"line":164,"column":37}},"51":{"start":{"line":167,"column":4},"end":{"line":171,"column":5}},"52":{"start":{"line":168,"column":8},"end":{"line":168,"column":25}},"53":{"start":{"line":169,"column":8},"end":{"line":169,"column":21}},"54":{"start":{"line":170,"column":8},"end":{"line":170,"column":19}},"55":{"start":{"line":172,"column":4},"end":{"line":176,"column":5}},"56":{"start":{"line":173,"column":8},"end":{"line":173,"column":22}},"57":{"start":{"line":174,"column":8},"end":{"line":174,"column":22}},"58":{"start":{"line":175,"column":8},"end":{"line":175,"column":19}},"59":{"start":{"line":177,"column":4},"end":{"line":184,"column":5}},"60":{"start":{"line":178,"column":8},"end":{"line":182,"column":10}},"61":{"start":{"line":183,"column":8},"end":{"line":183,"column":37}},"62":{"start":{"line":186,"column":4},"end":{"line":189,"column":5}},"63":{"start":{"line":187,"column":8},"end":{"line":187,"column":25}},"64":{"start":{"line":188,"column":8},"end":{"line":188,"column":22}},"65":{"start":{"line":191,"column":4},"end":{"line":193,"column":5}},"66":{"start":{"line":192,"column":8},"end":{"line":192,"column":31}},"67":{"start":{"line":195,"column":4},"end":{"line":200,"column":6}},"68":{"start":{"line":202,"column":4},"end":{"line":208,"column":5}},"69":{"start":{"line":203,"column":8},"end":{"line":203,"column":34}},"70":{"start":{"line":204,"column":8},"end":{"line":207,"column":9}},"71":{"start":{"line":206,"column":12},"end":{"line":206,"column":43}},"72":{"start":{"line":210,"column":4},"end":{"line":213,"column":6}},"73":{"start":{"line":216,"column":0},"end":{"line":263,"column":1}},"74":{"start":{"line":217,"column":4},"end":{"line":220,"column":5}},"75":{"start":{"line":218,"column":8},"end":{"line":218,"column":22}},"76":{"start":{"line":219,"column":8},"end":{"line":219,"column":19}},"77":{"start":{"line":222,"column":4},"end":{"line":224,"column":5}},"78":{"start":{"line":223,"column":8},"end":{"line":223,"column":31}},"79":{"start":{"line":226,"column":4},"end":{"line":232,"column":5}},"80":{"start":{"line":227,"column":8},"end":{"line":230,"column":10}},"81":{"start":{"line":231,"column":8},"end":{"line":231,"column":15}},"82":{"start":{"line":234,"column":4},"end":{"line":241,"column":5}},"83":{"start":{"line":235,"column":8},"end":{"line":239,"column":10}},"84":{"start":{"line":240,"column":8},"end":{"line":240,"column":60}},"85":{"start":{"line":243,"column":4},"end":{"line":254,"column":5}},"86":{"start":{"line":244,"column":8},"end":{"line":252,"column":9}},"87":{"start":{"line":245,"column":12},"end":{"line":249,"column":14}},"88":{"start":{"line":250,"column":12},"end":{"line":250,"column":23}},"89":{"start":{"line":251,"column":12},"end":{"line":251,"column":19}},"90":{"start":{"line":253,"column":8},"end":{"line":253,"column":37}},"91":{"start":{"line":256,"column":4},"end":{"line":256,"column":51}},"92":{"start":{"line":257,"column":4},"end":{"line":257,"column":24}},"93":{"start":{"line":258,"column":4},"end":{"line":258,"column":28}},"94":{"start":{"line":260,"column":4},"end":{"line":260,"column":26}},"95":{"start":{"line":262,"column":4},"end":{"line":262,"column":19}},"96":{"start":{"line":265,"column":0},"end":{"line":335,"column":1}},"97":{"start":{"line":266,"column":4},"end":{"line":272,"column":5}},"98":{"start":{"line":267,"column":8},"end":{"line":270,"column":10}},"99":{"start":{"line":271,"column":8},"end":{"line":271,"column":15}},"100":{"start":{"line":273,"column":4},"end":{"line":277,"column":5}},"101":{"start":{"line":274,"column":8},"end":{"line":274,"column":22}},"102":{"start":{"line":275,"column":8},"end":{"line":275,"column":18}},"103":{"start":{"line":276,"column":8},"end":{"line":276,"column":19}},"104":{"start":{"line":278,"column":4},"end":{"line":282,"column":5}},"105":{"start":{"line":279,"column":8},"end":{"line":279,"column":22}},"106":{"start":{"line":280,"column":8},"end":{"line":280,"column":19}},"107":{"start":{"line":281,"column":8},"end":{"line":281,"column":19}},"108":{"start":{"line":283,"column":4},"end":{"line":290,"column":5}},"109":{"start":{"line":284,"column":8},"end":{"line":288,"column":10}},"110":{"start":{"line":289,"column":8},"end":{"line":289,"column":37}},"111":{"start":{"line":292,"column":4},"end":{"line":295,"column":5}},"112":{"start":{"line":293,"column":8},"end":{"line":293,"column":22}},"113":{"start":{"line":294,"column":8},"end":{"line":294,"column":19}},"114":{"start":{"line":296,"column":4},"end":{"line":303,"column":5}},"115":{"start":{"line":297,"column":8},"end":{"line":301,"column":10}},"116":{"start":{"line":302,"column":8},"end":{"line":302,"column":37}},"117":{"start":{"line":305,"column":4},"end":{"line":308,"column":5}},"118":{"start":{"line":306,"column":8},"end":{"line":306,"column":25}},"119":{"start":{"line":307,"column":8},"end":{"line":307,"column":23}},"120":{"start":{"line":309,"column":4},"end":{"line":311,"column":5}},"121":{"start":{"line":310,"column":8},"end":{"line":310,"column":31}},"122":{"start":{"line":313,"column":4},"end":{"line":325,"column":5}},"123":{"start":{"line":314,"column":8},"end":{"line":323,"column":9}},"124":{"start":{"line":316,"column":12},"end":{"line":320,"column":14}},"125":{"start":{"line":321,"column":12},"end":{"line":321,"column":23}},"126":{"start":{"line":322,"column":12},"end":{"line":322,"column":19}},"127":{"start":{"line":324,"column":8},"end":{"line":324,"column":37}},"128":{"start":{"line":327,"column":4},"end":{"line":327,"column":51}},"129":{"start":{"line":328,"column":4},"end":{"line":328,"column":24}},"130":{"start":{"line":329,"column":4},"end":{"line":329,"column":28}},"131":{"start":{"line":330,"column":4},"end":{"line":330,"column":28}},"132":{"start":{"line":332,"column":4},"end":{"line":332,"column":26}},"133":{"start":{"line":334,"column":4},"end":{"line":334,"column":19}},"134":{"start":{"line":337,"column":0},"end":{"line":337,"column":19}}},"branchMap":{"1":{"line":65,"type":"if","locations":[{"start":{"line":65,"column":4},"end":{"line":65,"column":4}},{"start":{"line":65,"column":4},"end":{"line":65,"column":4}}]},"2":{"line":70,"type":"if","locations":[{"start":{"line":70,"column":8},"end":{"line":70,"column":8}},{"start":{"line":70,"column":8},"end":{"line":70,"column":8}}]},"3":{"line":89,"type":"if","locations":[{"start":{"line":89,"column":4},"end":{"line":89,"column":4}},{"start":{"line":89,"column":4},"end":{"line":89,"column":4}}]},"4":{"line":96,"type":"if","locations":[{"start":{"line":96,"column":4},"end":{"line":96,"column":4}},{"start":{"line":96,"column":4},"end":{"line":96,"column":4}}]},"5":{"line":97,"type":"if","locations":[{"start":{"line":97,"column":8},"end":{"line":97,"column":8}},{"start":{"line":97,"column":8},"end":{"line":97,"column":8}}]},"6":{"line":106,"type":"if","locations":[{"start":{"line":106,"column":4},"end":{"line":106,"column":4}},{"start":{"line":106,"column":4},"end":{"line":106,"column":4}}]},"7":{"line":110,"type":"if","locations":[{"start":{"line":110,"column":4},"end":{"line":110,"column":4}},{"start":{"line":110,"column":4},"end":{"line":110,"column":4}}]},"8":{"line":119,"type":"if","locations":[{"start":{"line":119,"column":4},"end":{"line":119,"column":4}},{"start":{"line":119,"column":4},"end":{"line":119,"column":4}}]},"9":{"line":140,"type":"if","locations":[{"start":{"line":140,"column":4},"end":{"line":140,"column":4}},{"start":{"line":140,"column":4},"end":{"line":140,"column":4}}]},"10":{"line":146,"type":"if","locations":[{"start":{"line":146,"column":4},"end":{"line":146,"column":4}},{"start":{"line":146,"column":4},"end":{"line":146,"column":4}}]},"11":{"line":152,"type":"if","locations":[{"start":{"line":152,"column":4},"end":{"line":152,"column":4}},{"start":{"line":152,"column":4},"end":{"line":152,"column":4}}]},"12":{"line":160,"type":"if","locations":[{"start":{"line":160,"column":4},"end":{"line":160,"column":4}},{"start":{"line":160,"column":4},"end":{"line":160,"column":4}}]},"13":{"line":160,"type":"binary-expr","locations":[{"start":{"line":160,"column":7},"end":{"line":160,"column":33}},{"start":{"line":160,"column":37},"end":{"line":160,"column":63}}]},"14":{"line":167,"type":"if","locations":[{"start":{"line":167,"column":4},"end":{"line":167,"column":4}},{"start":{"line":167,"column":4},"end":{"line":167,"column":4}}]},"15":{"line":172,"type":"if","locations":[{"start":{"line":172,"column":4},"end":{"line":172,"column":4}},{"start":{"line":172,"column":4},"end":{"line":172,"column":4}}]},"16":{"line":177,"type":"if","locations":[{"start":{"line":177,"column":4},"end":{"line":177,"column":4}},{"start":{"line":177,"column":4},"end":{"line":177,"column":4}}]},"17":{"line":186,"type":"if","locations":[{"start":{"line":186,"column":4},"end":{"line":186,"column":4}},{"start":{"line":186,"column":4},"end":{"line":186,"column":4}}]},"18":{"line":191,"type":"if","locations":[{"start":{"line":191,"column":4},"end":{"line":191,"column":4}},{"start":{"line":191,"column":4},"end":{"line":191,"column":4}}]},"19":{"line":202,"type":"if","locations":[{"start":{"line":202,"column":4},"end":{"line":202,"column":4}},{"start":{"line":202,"column":4},"end":{"line":202,"column":4}}]},"20":{"line":204,"type":"if","locations":[{"start":{"line":204,"column":8},"end":{"line":204,"column":8}},{"start":{"line":204,"column":8},"end":{"line":204,"column":8}}]},"21":{"line":204,"type":"binary-expr","locations":[{"start":{"line":204,"column":11},"end":{"line":204,"column":29}},{"start":{"line":204,"column":33},"end":{"line":204,"column":47}}]},"22":{"line":217,"type":"if","locations":[{"start":{"line":217,"column":4},"end":{"line":217,"column":4}},{"start":{"line":217,"column":4},"end":{"line":217,"column":4}}]},"23":{"line":222,"type":"if","locations":[{"start":{"line":222,"column":4},"end":{"line":222,"column":4}},{"start":{"line":222,"column":4},"end":{"line":222,"column":4}}]},"24":{"line":226,"type":"if","locations":[{"start":{"line":226,"column":4},"end":{"line":226,"column":4}},{"start":{"line":226,"column":4},"end":{"line":226,"column":4}}]},"25":{"line":234,"type":"if","locations":[{"start":{"line":234,"column":4},"end":{"line":234,"column":4}},{"start":{"line":234,"column":4},"end":{"line":234,"column":4}}]},"26":{"line":243,"type":"if","locations":[{"start":{"line":243,"column":4},"end":{"line":243,"column":4}},{"start":{"line":243,"column":4},"end":{"line":243,"column":4}}]},"27":{"line":244,"type":"if","locations":[{"start":{"line":244,"column":8},"end":{"line":244,"column":8}},{"start":{"line":244,"column":8},"end":{"line":244,"column":8}}]},"28":{"line":266,"type":"if","locations":[{"start":{"line":266,"column":4},"end":{"line":266,"column":4}},{"start":{"line":266,"column":4},"end":{"line":266,"column":4}}]},"29":{"line":273,"type":"if","locations":[{"start":{"line":273,"column":4},"end":{"line":273,"column":4}},{"start":{"line":273,"column":4},"end":{"line":273,"column":4}}]},"30":{"line":278,"type":"if","locations":[{"start":{"line":278,"column":4},"end":{"line":278,"column":4}},{"start":{"line":278,"column":4},"end":{"line":278,"column":4}}]},"31":{"line":283,"type":"if","locations":[{"start":{"line":283,"column":4},"end":{"line":283,"column":4}},{"start":{"line":283,"column":4},"end":{"line":283,"column":4}}]},"32":{"line":292,"type":"if","locations":[{"start":{"line":292,"column":4},"end":{"line":292,"column":4}},{"start":{"line":292,"column":4},"end":{"line":292,"column":4}}]},"33":{"line":296,"type":"if","locations":[{"start":{"line":296,"column":4},"end":{"line":296,"column":4}},{"start":{"line":296,"column":4},"end":{"line":296,"column":4}}]},"34":{"line":305,"type":"if","locations":[{"start":{"line":305,"column":4},"end":{"line":305,"column":4}},{"start":{"line":305,"column":4},"end":{"line":305,"column":4}}]},"35":{"line":309,"type":"if","locations":[{"start":{"line":309,"column":4},"end":{"line":309,"column":4}},{"start":{"line":309,"column":4},"end":{"line":309,"column":4}}]},"36":{"line":313,"type":"if","locations":[{"start":{"line":313,"column":4},"end":{"line":313,"column":4}},{"start":{"line":313,"column":4},"end":{"line":313,"column":4}}]},"37":{"line":314,"type":"if","locations":[{"start":{"line":314,"column":8},"end":{"line":314,"column":8}},{"start":{"line":314,"column":8},"end":{"line":314,"column":8}}]}}}}