{"C:\\Users\\diginow\\Documents\\code\\git\\node-ipc\\node-ipc.js":{"path":"C:\\Users\\diginow\\Documents\\code\\git\\node-ipc\\node-ipc.js","s":{"1":1,"2":1,"3":1,"4":1},"b":{},"f":{"1":1},"fnMap":{"1":{"name":"(anonymous_1)","line":6,"loc":{"start":{"line":6,"column":15},"end":{"line":6,"column":17}}}},"statementMap":{"1":{"start":{"line":3,"column":0},"end":{"line":3,"column":43}},"2":{"start":{"line":7,"column":8},"end":{"line":7,"column":16}},"3":{"start":{"line":9,"column":8},"end":{"line":17,"column":9}},"4":{"start":{"line":21,"column":0},"end":{"line":21,"column":29}}},"branchMap":{}},"C:\\Users\\diginow\\Documents\\code\\git\\node-ipc\\interfaces\\members\\IPC\\connectTo.js":{"path":"C:\\Users\\diginow\\Documents\\code\\git\\node-ipc\\interfaces\\members\\IPC\\connectTo.js","s":{"1":1,"2":1,"3":1,"4":4,"5":2,"6":2,"7":4,"8":0,"9":4,"10":0,"11":0,"12":4,"13":2,"14":2,"15":4,"16":0,"17":0,"18":0,"19":0,"20":0,"21":4,"22":4,"23":4,"24":4,"25":4,"26":1},"b":{"1":[2,2],"2":[0,4],"3":[0,4],"4":[2,2],"5":[0,4],"6":[0,0]},"f":{"1":0,"2":4},"fnMap":{"1":{"name":"emptyCallback","line":5,"loc":{"start":{"line":5,"column":0},"end":{"line":5,"column":24}}},"2":{"name":"connectTo","line":7,"loc":{"start":{"line":7,"column":0},"end":{"line":7,"column":36}}}},"statementMap":{"1":{"start":{"line":3,"column":0},"end":{"line":3,"column":49}},"2":{"start":{"line":5,"column":0},"end":{"line":5,"column":26}},"3":{"start":{"line":7,"column":0},"end":{"line":54,"column":1}},"4":{"start":{"line":8,"column":4},"end":{"line":11,"column":5}},"5":{"start":{"line":9,"column":8},"end":{"line":9,"column":22}},"6":{"start":{"line":10,"column":8},"end":{"line":10,"column":19}},"7":{"start":{"line":13,"column":4},"end":{"line":15,"column":5}},"8":{"start":{"line":14,"column":8},"end":{"line":14,"column":31}},"9":{"start":{"line":17,"column":4},"end":{"line":23,"column":5}},"10":{"start":{"line":18,"column":8},"end":{"line":21,"column":10}},"11":{"start":{"line":22,"column":8},"end":{"line":22,"column":15}},"12":{"start":{"line":25,"column":4},"end":{"line":32,"column":5}},"13":{"start":{"line":26,"column":8},"end":{"line":30,"column":10}},"14":{"start":{"line":31,"column":8},"end":{"line":31,"column":60}},"15":{"start":{"line":34,"column":4},"end":{"line":45,"column":5}},"16":{"start":{"line":35,"column":8},"end":{"line":43,"column":9}},"17":{"start":{"line":36,"column":12},"end":{"line":40,"column":14}},"18":{"start":{"line":41,"column":12},"end":{"line":41,"column":23}},"19":{"start":{"line":42,"column":12},"end":{"line":42,"column":19}},"20":{"start":{"line":44,"column":8},"end":{"line":44,"column":37}},"21":{"start":{"line":47,"column":4},"end":{"line":47,"column":51}},"22":{"start":{"line":48,"column":4},"end":{"line":48,"column":24}},"23":{"start":{"line":49,"column":4},"end":{"line":49,"column":28}},"24":{"start":{"line":51,"column":4},"end":{"line":51,"column":26}},"25":{"start":{"line":53,"column":4},"end":{"line":53,"column":19}},"26":{"start":{"line":56,"column":0},"end":{"line":56,"column":27}}},"branchMap":{"1":{"line":8,"type":"if","locations":[{"start":{"line":8,"column":4},"end":{"line":8,"column":4}},{"start":{"line":8,"column":4},"end":{"line":8,"column":4}}]},"2":{"line":13,"type":"if","locations":[{"start":{"line":13,"column":4},"end":{"line":13,"column":4}},{"start":{"line":13,"column":4},"end":{"line":13,"column":4}}]},"3":{"line":17,"type":"if","locations":[{"start":{"line":17,"column":4},"end":{"line":17,"column":4}},{"start":{"line":17,"column":4},"end":{"line":17,"column":4}}]},"4":{"line":25,"type":"if","locations":[{"start":{"line":25,"column":4},"end":{"line":25,"column":4}},{"start":{"line":25,"column":4},"end":{"line":25,"column":4}}]},"5":{"line":34,"type":"if","locations":[{"start":{"line":34,"column":4},"end":{"line":34,"column":4}},{"start":{"line":34,"column":4},"end":{"line":34,"column":4}}]},"6":{"line":35,"type":"if","locations":[{"start":{"line":35,"column":8},"end":{"line":35,"column":8}},{"start":{"line":35,"column":8},"end":{"line":35,"column":8}}]}}},"C:\\Users\\diginow\\Documents\\code\\git\\node-ipc\\entities\\EventParser.js":{"path":"C:\\Users\\diginow\\Documents\\code\\git\\node-ipc\\entities\\EventParser.js","s":{"1":1,"2":13,"3":6,"4":13,"5":9,"6":0,"7":9,"8":0,"9":9,"10":9,"11":9,"12":9,"13":9,"14":1},"b":{"1":[6,7],"2":[0,9],"3":[9,0,0],"4":[0,9]},"f":{"1":13,"2":9,"3":9},"fnMap":{"1":{"name":"(anonymous_1)","line":6,"loc":{"start":{"line":6,"column":13},"end":{"line":6,"column":21}}},"2":{"name":"(anonymous_2)","line":13,"loc":{"start":{"line":13,"column":8},"end":{"line":13,"column":17}}},"3":{"name":"(anonymous_3)","line":25,"loc":{"start":{"line":25,"column":7},"end":{"line":25,"column":13}}}},"statementMap":{"1":{"start":{"line":3,"column":0},"end":{"line":3,"column":42}},"2":{"start":{"line":7,"column":4},"end":{"line":9,"column":5}},"3":{"start":{"line":8,"column":6},"end":{"line":8,"column":26}},"4":{"start":{"line":10,"column":4},"end":{"line":10,"column":36}},"5":{"start":{"line":14,"column":4},"end":{"line":16,"column":5}},"6":{"start":{"line":15,"column":8},"end":{"line":15,"column":24}},"7":{"start":{"line":17,"column":4},"end":{"line":19,"column":5}},"8":{"start":{"line":18,"column":8},"end":{"line":18,"column":24}},"9":{"start":{"line":21,"column":4},"end":{"line":21,"column":40}},"10":{"start":{"line":22,"column":4},"end":{"line":22,"column":19}},"11":{"start":{"line":26,"column":4},"end":{"line":26,"column":42}},"12":{"start":{"line":27,"column":4},"end":{"line":27,"column":17}},"13":{"start":{"line":28,"column":4},"end":{"line":28,"column":18}},"14":{"start":{"line":32,"column":0},"end":{"line":32,"column":22}}},"branchMap":{"1":{"line":7,"type":"if","locations":[{"start":{"line":7,"column":4},"end":{"line":7,"column":4}},{"start":{"line":7,"column":4},"end":{"line":7,"column":4}}]},"2":{"line":14,"type":"if","locations":[{"start":{"line":14,"column":4},"end":{"line":14,"column":4}},{"start":{"line":14,"column":4},"end":{"line":14,"column":4}}]},"3":{"line":14,"type":"binary-expr","locations":[{"start":{"line":14,"column":7},"end":{"line":14,"column":20}},{"start":{"line":14,"column":24},"end":{"line":14,"column":44}},{"start":{"line":14,"column":48},"end":{"line":14,"column":64}}]},"4":{"line":17,"type":"if","locations":[{"start":{"line":17,"column":4},"end":{"line":17,"column":4}},{"start":{"line":17,"column":4},"end":{"line":17,"column":4}}]}}},"C:\\Users\\diginow\\Documents\\code\\git\\node-ipc\\dao\\members\\client\\emit.js":{"path":"C:\\Users\\diginow\\Documents\\code\\git\\node-ipc\\dao\\members\\client\\emit.js","s":{"1":1,"2":1,"3":7,"4":7,"5":7,"6":7,"7":7,"8":0,"9":7,"10":7,"11":2,"12":2,"13":5,"14":1,"15":5,"16":5,"17":1},"b":{"1":[0,7],"2":[2,5]},"f":{"1":7,"2":5},"fnMap":{"1":{"name":"emit","line":5,"loc":{"start":{"line":5,"column":0},"end":{"line":5,"column":24}}},"2":{"name":"syncEmit","line":28,"loc":{"start":{"line":28,"column":0},"end":{"line":28,"column":26}}}},"statementMap":{"1":{"start":{"line":3,"column":0},"end":{"line":3,"column":38}},"2":{"start":{"line":5,"column":0},"end":{"line":26,"column":1}},"3":{"start":{"line":6,"column":4},"end":{"line":6,"column":82}},"4":{"start":{"line":8,"column":4},"end":{"line":8,"column":28}},"5":{"start":{"line":9,"column":4},"end":{"line":9,"column":22}},"6":{"start":{"line":10,"column":4},"end":{"line":10,"column":22}},"7":{"start":{"line":12,"column":4},"end":{"line":16,"column":5}},"8":{"start":{"line":13,"column":8},"end":{"line":13,"column":54}},"9":{"start":{"line":15,"column":8},"end":{"line":15,"column":49}},"10":{"start":{"line":18,"column":4},"end":{"line":21,"column":5}},"11":{"start":{"line":19,"column":8},"end":{"line":19,"column":35}},"12":{"start":{"line":20,"column":8},"end":{"line":20,"column":15}},"13":{"start":{"line":23,"column":4},"end":{"line":25,"column":6}},"14":{"start":{"line":28,"column":0},"end":{"line":31,"column":1}},"15":{"start":{"line":29,"column":4},"end":{"line":29,"column":74}},"16":{"start":{"line":30,"column":4},"end":{"line":30,"column":31}},"17":{"start":{"line":33,"column":0},"end":{"line":33,"column":20}}},"branchMap":{"1":{"line":12,"type":"if","locations":[{"start":{"line":12,"column":4},"end":{"line":12,"column":4}},{"start":{"line":12,"column":4},"end":{"line":12,"column":4}}]},"2":{"line":18,"type":"if","locations":[{"start":{"line":18,"column":4},"end":{"line":18,"column":4}},{"start":{"line":18,"column":4},"end":{"line":18,"column":4}}]}}},"C:\\Users\\diginow\\Documents\\code\\git\\node-ipc\\interfaces\\members\\IPC\\connectToNet.js":{"path":"C:\\Users\\diginow\\Documents\\code\\git\\node-ipc\\interfaces\\members\\IPC\\connectToNet.js","s":{"1":1,"2":1,"3":1,"4":3,"5":0,"6":0,"7":3,"8":3,"9":3,"10":3,"11":3,"12":0,"13":0,"14":0,"15":3,"16":3,"17":3,"18":3,"19":0,"20":0,"21":3,"22":0,"23":0,"24":3,"25":0,"26":0,"27":3,"28":0,"29":3,"30":0,"31":0,"32":0,"33":0,"34":0,"35":3,"36":3,"37":3,"38":3,"39":3,"40":3,"41":3,"42":1},"b":{"1":[0,3],"2":[3,0],"3":[0,3],"4":[3,0],"5":[0,3],"6":[0,3],"7":[0,3],"8":[0,3],"9":[0,3],"10":[0,0]},"f":{"1":0,"2":3},"fnMap":{"1":{"name":"emptyCallback","line":6,"loc":{"start":{"line":6,"column":0},"end":{"line":6,"column":24}}},"2":{"name":"connectToNet","line":8,"loc":{"start":{"line":8,"column":0},"end":{"line":8,"column":44}}}},"statementMap":{"1":{"start":{"line":3,"column":0},"end":{"line":4,"column":53}},"2":{"start":{"line":6,"column":0},"end":{"line":6,"column":26}},"3":{"start":{"line":8,"column":0},"end":{"line":82,"column":1}},"4":{"start":{"line":9,"column":4},"end":{"line":15,"column":5}},"5":{"start":{"line":10,"column":8},"end":{"line":13,"column":10}},"6":{"start":{"line":14,"column":8},"end":{"line":14,"column":15}},"7":{"start":{"line":16,"column":4},"end":{"line":20,"column":5}},"8":{"start":{"line":17,"column":8},"end":{"line":17,"column":22}},"9":{"start":{"line":18,"column":8},"end":{"line":18,"column":18}},"10":{"start":{"line":19,"column":8},"end":{"line":19,"column":19}},"11":{"start":{"line":21,"column":4},"end":{"line":25,"column":5}},"12":{"start":{"line":22,"column":8},"end":{"line":22,"column":22}},"13":{"start":{"line":23,"column":8},"end":{"line":23,"column":19}},"14":{"start":{"line":24,"column":8},"end":{"line":24,"column":19}},"15":{"start":{"line":26,"column":4},"end":{"line":33,"column":5}},"16":{"start":{"line":27,"column":8},"end":{"line":31,"column":10}},"17":{"start":{"line":32,"column":8},"end":{"line":32,"column":37}},"18":{"start":{"line":35,"column":4},"end":{"line":38,"column":5}},"19":{"start":{"line":36,"column":8},"end":{"line":36,"column":22}},"20":{"start":{"line":37,"column":8},"end":{"line":37,"column":19}},"21":{"start":{"line":39,"column":4},"end":{"line":46,"column":5}},"22":{"start":{"line":40,"column":8},"end":{"line":44,"column":10}},"23":{"start":{"line":45,"column":8},"end":{"line":45,"column":37}},"24":{"start":{"line":48,"column":4},"end":{"line":51,"column":5}},"25":{"start":{"line":49,"column":8},"end":{"line":49,"column":25}},"26":{"start":{"line":50,"column":8},"end":{"line":50,"column":23}},"27":{"start":{"line":52,"column":4},"end":{"line":54,"column":5}},"28":{"start":{"line":53,"column":8},"end":{"line":53,"column":31}},"29":{"start":{"line":56,"column":4},"end":{"line":68,"column":5}},"30":{"start":{"line":57,"column":8},"end":{"line":66,"column":9}},"31":{"start":{"line":59,"column":12},"end":{"line":63,"column":14}},"32":{"start":{"line":64,"column":12},"end":{"line":64,"column":23}},"33":{"start":{"line":65,"column":12},"end":{"line":65,"column":19}},"34":{"start":{"line":67,"column":8},"end":{"line":67,"column":37}},"35":{"start":{"line":70,"column":4},"end":{"line":70,"column":51}},"36":{"start":{"line":71,"column":4},"end":{"line":71,"column":24}},"37":{"start":{"line":72,"column":4},"end":{"line":72,"column":28}},"38":{"start":{"line":73,"column":4},"end":{"line":73,"column":28}},"39":{"start":{"line":75,"column":4},"end":{"line":75,"column":29}},"40":{"start":{"line":77,"column":4},"end":{"line":77,"column":26}},"41":{"start":{"line":81,"column":4},"end":{"line":81,"column":19}},"42":{"start":{"line":84,"column":0},"end":{"line":84,"column":30}}},"branchMap":{"1":{"line":9,"type":"if","locations":[{"start":{"line":9,"column":4},"end":{"line":9,"column":4}},{"start":{"line":9,"column":4},"end":{"line":9,"column":4}}]},"2":{"line":16,"type":"if","locations":[{"start":{"line":16,"column":4},"end":{"line":16,"column":4}},{"start":{"line":16,"column":4},"end":{"line":16,"column":4}}]},"3":{"line":21,"type":"if","locations":[{"start":{"line":21,"column":4},"end":{"line":21,"column":4}},{"start":{"line":21,"column":4},"end":{"line":21,"column":4}}]},"4":{"line":26,"type":"if","locations":[{"start":{"line":26,"column":4},"end":{"line":26,"column":4}},{"start":{"line":26,"column":4},"end":{"line":26,"column":4}}]},"5":{"line":35,"type":"if","locations":[{"start":{"line":35,"column":4},"end":{"line":35,"column":4}},{"start":{"line":35,"column":4},"end":{"line":35,"column":4}}]},"6":{"line":39,"type":"if","locations":[{"start":{"line":39,"column":4},"end":{"line":39,"column":4}},{"start":{"line":39,"column":4},"end":{"line":39,"column":4}}]},"7":{"line":48,"type":"if","locations":[{"start":{"line":48,"column":4},"end":{"line":48,"column":4}},{"start":{"line":48,"column":4},"end":{"line":48,"column":4}}]},"8":{"line":52,"type":"if","locations":[{"start":{"line":52,"column":4},"end":{"line":52,"column":4}},{"start":{"line":52,"column":4},"end":{"line":52,"column":4}}]},"9":{"line":56,"type":"if","locations":[{"start":{"line":56,"column":4},"end":{"line":56,"column":4}},{"start":{"line":56,"column":4},"end":{"line":56,"column":4}}]},"10":{"line":57,"type":"if","locations":[{"start":{"line":57,"column":8},"end":{"line":57,"column":8}},{"start":{"line":57,"column":8},"end":{"line":57,"column":8}}]}}},"C:\\Users\\diginow\\Documents\\code\\git\\node-ipc\\interfaces\\members\\IPC\\disconnect.js":{"path":"C:\\Users\\diginow\\Documents\\code\\git\\node-ipc\\interfaces\\members\\IPC\\disconnect.js","s":{"1":1,"2":7,"3":0,"4":7,"5":7,"6":7,"7":7,"8":7,"9":7,"10":1},"b":{"1":[0,7],"2":[7,0],"3":[7,0]},"f":{"1":7},"fnMap":{"1":{"name":"disconnect","line":3,"loc":{"start":{"line":3,"column":0},"end":{"line":3,"column":23}}}},"statementMap":{"1":{"start":{"line":3,"column":0},"end":{"line":18,"column":1}},"2":{"start":{"line":4,"column":4},"end":{"line":6,"column":5}},"3":{"start":{"line":5,"column":8},"end":{"line":5,"column":15}},"4":{"start":{"line":8,"column":4},"end":{"line":8,"column":44}},"5":{"start":{"line":10,"column":4},"end":{"line":10,"column":29}},"6":{"start":{"line":11,"column":4},"end":{"line":15,"column":5}},"7":{"start":{"line":12,"column":8},"end":{"line":14,"column":9}},"8":{"start":{"line":13,"column":12},"end":{"line":13,"column":41}},"9":{"start":{"line":17,"column":4},"end":{"line":17,"column":23}},"10":{"start":{"line":20,"column":0},"end":{"line":20,"column":28}}},"branchMap":{"1":{"line":4,"type":"if","locations":[{"start":{"line":4,"column":4},"end":{"line":4,"column":4}},{"start":{"line":4,"column":4},"end":{"line":4,"column":4}}]},"2":{"line":11,"type":"if","locations":[{"start":{"line":11,"column":4},"end":{"line":11,"column":4}},{"start":{"line":11,"column":4},"end":{"line":11,"column":4}}]},"3":{"line":12,"type":"if","locations":[{"start":{"line":12,"column":8},"end":{"line":12,"column":8}},{"start":{"line":12,"column":8},"end":{"line":12,"column":8}}]}}},"C:\\Users\\diginow\\Documents\\code\\git\\node-ipc\\interfaces\\members\\IPC\\serve.js":{"path":"C:\\Users\\diginow\\Documents\\code\\git\\node-ipc\\interfaces\\members\\IPC\\serve.js","s":{"1":1,"2":1,"3":1,"4":0,"5":0,"6":1,"7":0,"8":0,"9":1,"10":0,"11":1,"12":1,"13":1,"14":1},"b":{"1":[0,1],"2":[0,1],"3":[0,1]},"f":{"1":1,"2":0},"fnMap":{"1":{"name":"serve","line":5,"loc":{"start":{"line":5,"column":0},"end":{"line":5,"column":29}}},"2":{"name":"emptyCallback","line":35,"loc":{"start":{"line":35,"column":0},"end":{"line":35,"column":24}}}},"statementMap":{"1":{"start":{"line":3,"column":0},"end":{"line":3,"column":55}},"2":{"start":{"line":5,"column":0},"end":{"line":33,"column":1}},"3":{"start":{"line":6,"column":4},"end":{"line":9,"column":5}},"4":{"start":{"line":7,"column":8},"end":{"line":7,"column":22}},"5":{"start":{"line":8,"column":8},"end":{"line":8,"column":19}},"6":{"start":{"line":10,"column":4},"end":{"line":17,"column":5}},"7":{"start":{"line":11,"column":8},"end":{"line":15,"column":10}},"8":{"start":{"line":16,"column":8},"end":{"line":16,"column":72}},"9":{"start":{"line":19,"column":4},"end":{"line":21,"column":5}},"10":{"start":{"line":20,"column":8},"end":{"line":20,"column":31}},"11":{"start":{"line":23,"column":4},"end":{"line":27,"column":6}},"12":{"start":{"line":29,"column":4},"end":{"line":32,"column":6}},"13":{"start":{"line":35,"column":0},"end":{"line":35,"column":26}},"14":{"start":{"line":37,"column":0},"end":{"line":37,"column":23}}},"branchMap":{"1":{"line":6,"type":"if","locations":[{"start":{"line":6,"column":4},"end":{"line":6,"column":4}},{"start":{"line":6,"column":4},"end":{"line":6,"column":4}}]},"2":{"line":10,"type":"if","locations":[{"start":{"line":10,"column":4},"end":{"line":10,"column":4}},{"start":{"line":10,"column":4},"end":{"line":10,"column":4}}]},"3":{"line":19,"type":"if","locations":[{"start":{"line":19,"column":4},"end":{"line":19,"column":4}},{"start":{"line":19,"column":4},"end":{"line":19,"column":4}}]}}},"C:\\Users\\diginow\\Documents\\code\\git\\node-ipc\\interfaces\\members\\IPC\\serveNet.js":{"path":"C:\\Users\\diginow\\Documents\\code\\git\\node-ipc\\interfaces\\members\\IPC\\serveNet.js","s":{"1":1,"2":1,"3":1,"4":3,"5":1,"6":1,"7":1,"8":1,"9":3,"10":1,"11":1,"12":1,"13":1,"14":3,"15":2,"16":2,"17":3,"18":0,"19":0,"20":0,"21":0,"22":3,"23":0,"24":0,"25":0,"26":3,"27":0,"28":0,"29":0,"30":3,"31":1,"32":1,"33":3,"34":0,"35":0,"36":3,"37":0,"38":3,"39":3,"40":2,"41":2,"42":0,"43":3,"44":1},"b":{"1":[1,2],"2":[1,2],"3":[2,1],"4":[0,3],"5":[3,3],"6":[0,3],"7":[0,3],"8":[1,2],"9":[0,3],"10":[0,3],"11":[2,1],"12":[0,2],"13":[2,1]},"f":{"1":0,"2":3},"fnMap":{"1":{"name":"emptyCallback","line":5,"loc":{"start":{"line":5,"column":0},"end":{"line":5,"column":24}}},"2":{"name":"serveNet","line":7,"loc":{"start":{"line":7,"column":0},"end":{"line":7,"column":45}}}},"statementMap":{"1":{"start":{"line":3,"column":0},"end":{"line":3,"column":55}},"2":{"start":{"line":5,"column":0},"end":{"line":5,"column":26}},"3":{"start":{"line":7,"column":0},"end":{"line":82,"column":1}},"4":{"start":{"line":8,"column":4},"end":{"line":13,"column":5}},"5":{"start":{"line":9,"column":8},"end":{"line":9,"column":25}},"6":{"start":{"line":10,"column":8},"end":{"line":10,"column":21}},"7":{"start":{"line":11,"column":8},"end":{"line":11,"column":18}},"8":{"start":{"line":12,"column":8},"end":{"line":12,"column":19}},"9":{"start":{"line":14,"column":4},"end":{"line":19,"column":5}},"10":{"start":{"line":15,"column":8},"end":{"line":15,"column":22}},"11":{"start":{"line":16,"column":8},"end":{"line":16,"column":22}},"12":{"start":{"line":17,"column":8},"end":{"line":17,"column":19}},"13":{"start":{"line":18,"column":8},"end":{"line":18,"column":19}},"14":{"start":{"line":20,"column":4},"end":{"line":27,"column":5}},"15":{"start":{"line":21,"column":8},"end":{"line":25,"column":10}},"16":{"start":{"line":26,"column":8},"end":{"line":26,"column":37}},"17":{"start":{"line":28,"column":4},"end":{"line":33,"column":5}},"18":{"start":{"line":29,"column":8},"end":{"line":29,"column":22}},"19":{"start":{"line":30,"column":8},"end":{"line":30,"column":35}},"20":{"start":{"line":31,"column":8},"end":{"line":31,"column":19}},"21":{"start":{"line":32,"column":8},"end":{"line":32,"column":37}},"22":{"start":{"line":35,"column":4},"end":{"line":39,"column":5}},"23":{"start":{"line":36,"column":8},"end":{"line":36,"column":25}},"24":{"start":{"line":37,"column":8},"end":{"line":37,"column":21}},"25":{"start":{"line":38,"column":8},"end":{"line":38,"column":19}},"26":{"start":{"line":40,"column":4},"end":{"line":44,"column":5}},"27":{"start":{"line":41,"column":8},"end":{"line":41,"column":22}},"28":{"start":{"line":42,"column":8},"end":{"line":42,"column":22}},"29":{"start":{"line":43,"column":8},"end":{"line":43,"column":19}},"30":{"start":{"line":45,"column":4},"end":{"line":52,"column":5}},"31":{"start":{"line":46,"column":8},"end":{"line":50,"column":10}},"32":{"start":{"line":51,"column":8},"end":{"line":51,"column":37}},"33":{"start":{"line":54,"column":4},"end":{"line":57,"column":5}},"34":{"start":{"line":55,"column":8},"end":{"line":55,"column":25}},"35":{"start":{"line":56,"column":8},"end":{"line":56,"column":22}},"36":{"start":{"line":59,"column":4},"end":{"line":61,"column":5}},"37":{"start":{"line":60,"column":8},"end":{"line":60,"column":31}},"38":{"start":{"line":63,"column":4},"end":{"line":68,"column":6}},"39":{"start":{"line":70,"column":4},"end":{"line":76,"column":5}},"40":{"start":{"line":71,"column":8},"end":{"line":71,"column":34}},"41":{"start":{"line":72,"column":8},"end":{"line":75,"column":9}},"42":{"start":{"line":74,"column":12},"end":{"line":74,"column":43}},"43":{"start":{"line":78,"column":4},"end":{"line":81,"column":6}},"44":{"start":{"line":84,"column":0},"end":{"line":84,"column":26}}},"branchMap":{"1":{"line":8,"type":"if","locations":[{"start":{"line":8,"column":4},"end":{"line":8,"column":4}},{"start":{"line":8,"column":4},"end":{"line":8,"column":4}}]},"2":{"line":14,"type":"if","locations":[{"start":{"line":14,"column":4},"end":{"line":14,"column":4}},{"start":{"line":14,"column":4},"end":{"line":14,"column":4}}]},"3":{"line":20,"type":"if","locations":[{"start":{"line":20,"column":4},"end":{"line":20,"column":4}},{"start":{"line":20,"column":4},"end":{"line":20,"column":4}}]},"4":{"line":28,"type":"if","locations":[{"start":{"line":28,"column":4},"end":{"line":28,"column":4}},{"start":{"line":28,"column":4},"end":{"line":28,"column":4}}]},"5":{"line":28,"type":"binary-expr","locations":[{"start":{"line":28,"column":7},"end":{"line":28,"column":33}},{"start":{"line":28,"column":37},"end":{"line":28,"column":63}}]},"6":{"line":35,"type":"if","locations":[{"start":{"line":35,"column":4},"end":{"line":35,"column":4}},{"start":{"line":35,"column":4},"end":{"line":35,"column":4}}]},"7":{"line":40,"type":"if","locations":[{"start":{"line":40,"column":4},"end":{"line":40,"column":4}},{"start":{"line":40,"column":4},"end":{"line":40,"column":4}}]},"8":{"line":45,"type":"if","locations":[{"start":{"line":45,"column":4},"end":{"line":45,"column":4}},{"start":{"line":45,"column":4},"end":{"line":45,"column":4}}]},"9":{"line":54,"type":"if","locations":[{"start":{"line":54,"column":4},"end":{"line":54,"column":4}},{"start":{"line":54,"column":4},"end":{"line":54,"column":4}}]},"10":{"line":59,"type":"if","locations":[{"start":{"line":59,"column":4},"end":{"line":59,"column":4}},{"start":{"line":59,"column":4},"end":{"line":59,"column":4}}]},"11":{"line":70,"type":"if","locations":[{"start":{"line":70,"column":4},"end":{"line":70,"column":4}},{"start":{"line":70,"column":4},"end":{"line":70,"column":4}}]},"12":{"line":72,"type":"if","locations":[{"start":{"line":72,"column":8},"end":{"line":72,"column":8}},{"start":{"line":72,"column":8},"end":{"line":72,"column":8}}]},"13":{"line":72,"type":"binary-expr","locations":[{"start":{"line":72,"column":11},"end":{"line":72,"column":29}},{"start":{"line":72,"column":33},"end":{"line":72,"column":47}}]}}},"C:\\Users\\diginow\\Documents\\code\\git\\node-ipc\\interfaces\\members\\IPC\\log.js":{"path":"C:\\Users\\diginow\\Documents\\code\\git\\node-ipc\\interfaces\\members\\IPC\\log.js","s":{"1":1,"2":1,"3":115,"4":0,"5":115,"6":365,"7":331,"8":34,"9":115,"10":1},"b":{"1":[0,115],"2":[331,34]},"f":{"1":115},"fnMap":{"1":{"name":"log","line":5,"loc":{"start":{"line":5,"column":0},"end":{"line":5,"column":21}}}},"statementMap":{"1":{"start":{"line":3,"column":0},"end":{"line":3,"column":29}},"2":{"start":{"line":5,"column":0},"end":{"line":27,"column":1}},"3":{"start":{"line":6,"column":4},"end":{"line":8,"column":5}},"4":{"start":{"line":7,"column":8},"end":{"line":7,"column":15}},"5":{"start":{"line":10,"column":4},"end":{"line":22,"column":5}},"6":{"start":{"line":11,"column":8},"end":{"line":13,"column":9}},"7":{"start":{"line":12,"column":12},"end":{"line":12,"column":21}},"8":{"start":{"line":15,"column":8},"end":{"line":21,"column":10}},"9":{"start":{"line":24,"column":4},"end":{"line":26,"column":6}},"10":{"start":{"line":29,"column":0},"end":{"line":29,"column":21}}},"branchMap":{"1":{"line":6,"type":"if","locations":[{"start":{"line":6,"column":4},"end":{"line":6,"column":4}},{"start":{"line":6,"column":4},"end":{"line":6,"column":4}}]},"2":{"line":11,"type":"if","locations":[{"start":{"line":11,"column":8},"end":{"line":11,"column":8}},{"start":{"line":11,"column":8},"end":{"line":11,"column":8}}]}}}}