TN:
SF:C:\Users\diginow\Documents\code\git\node-ipc\node-ipc.js
FN:6,(anonymous_1)
FNF:1
FNH:1
FNDA:1,(anonymous_1)
DA:3,1
DA:7,1
DA:9,1
DA:21,1
LF:4
LH:4
BRF:0
BRH:0
end_of_record
TN:
SF:C:\Users\diginow\Documents\code\git\node-ipc\interfaces\members\IPC\connectTo.js
FN:5,emptyCallback
FN:7,connectTo
FNF:2
FNH:1
FNDA:0,emptyCallback
FNDA:4,connectTo
DA:3,1
DA:5,1
DA:7,1
DA:8,4
DA:9,2
DA:10,2
DA:13,4
DA:14,0
DA:17,4
DA:18,0
DA:22,0
DA:25,4
DA:26,2
DA:31,2
DA:34,4
DA:35,0
DA:36,0
DA:41,0
DA:42,0
DA:44,0
DA:47,4
DA:48,4
DA:49,4
DA:51,4
DA:53,4
DA:56,1
LF:26
LH:18
BRDA:8,1,0,2
BRDA:8,1,1,2
BRDA:13,2,0,0
BRDA:13,2,1,4
BRDA:17,3,0,0
BRDA:17,3,1,4
BRDA:25,4,0,2
BRDA:25,4,1,2
BRDA:34,5,0,0
BRDA:34,5,1,4
BRDA:35,6,0,0
BRDA:35,6,1,0
BRF:12
BRH:7
end_of_record
TN:
SF:C:\Users\diginow\Documents\code\git\node-ipc\entities\EventParser.js
FN:6,(anonymous_1)
FN:13,(anonymous_2)
FN:25,(anonymous_3)
FNF:3
FNH:2
FNDA:11,(anonymous_1)
FNDA:7,(anonymous_2)
FNDA:0,(anonymous_3)
DA:3,1
DA:7,11
DA:8,4
DA:10,11
DA:14,7
DA:15,0
DA:17,7
DA:18,0
DA:21,7
DA:22,7
DA:26,0
DA:27,0
DA:28,0
DA:32,1
LF:14
LH:9
BRDA:7,1,0,4
BRDA:7,1,1,7
BRDA:14,2,0,0
BRDA:14,2,1,7
BRDA:14,3,0,7
BRDA:14,3,1,0
BRDA:14,3,2,0
BRDA:17,4,0,0
BRDA:17,4,1,7
BRF:9
BRH:5
end_of_record
TN:
SF:C:\Users\diginow\Documents\code\git\node-ipc\dao\members\client\emit.js
FN:5,emit
FNF:1
FNH:1
FNDA:7,emit
DA:3,1
DA:5,1
DA:6,7
DA:8,7
DA:9,7
DA:10,7
DA:12,7
DA:13,0
DA:15,7
DA:18,7
DA:19,2
DA:20,2
DA:23,5
DA:28,1
LF:14
LH:13
BRDA:12,1,0,0
BRDA:12,1,1,7
BRDA:18,2,0,2
BRDA:18,2,1,5
BRF:4
BRH:3
end_of_record
TN:
SF:C:\Users\diginow\Documents\code\git\node-ipc\dao\members\client\#syncEmit.js
FN:3,syncEmit
FNF:1
FNH:1
FNDA:1,syncEmit
DA:1,1
DA:3,1
DA:4,1
DA:5,1
DA:8,1
LF:5
LH:5
BRF:0
BRH:0
end_of_record
TN:
SF:C:\Users\diginow\Documents\code\git\node-ipc\interfaces\members\IPC\connectToNet.js
FN:6,emptyCallback
FN:8,connectToNet
FNF:2
FNH:1
FNDA:0,emptyCallback
FNDA:3,connectToNet
DA:3,1
DA:6,1
DA:8,1
DA:9,3
DA:10,0
DA:14,0
DA:16,3
DA:17,3
DA:18,3
DA:19,3
DA:21,3
DA:22,0
DA:23,0
DA:24,0
DA:26,3
DA:27,3
DA:32,3
DA:35,3
DA:36,0
DA:37,0
DA:39,3
DA:40,0
DA:45,0
DA:48,3
DA:49,0
DA:50,0
DA:52,3
DA:53,0
DA:56,3
DA:57,0
DA:59,0
DA:64,0
DA:65,0
DA:67,0
DA:70,3
DA:71,3
DA:72,3
DA:73,3
DA:75,3
DA:77,3
DA:81,3
DA:84,1
LF:42
LH:25
BRDA:9,1,0,0
BRDA:9,1,1,3
BRDA:16,2,0,3
BRDA:16,2,1,0
BRDA:21,3,0,0
BRDA:21,3,1,3
BRDA:26,4,0,3
BRDA:26,4,1,0
BRDA:35,5,0,0
BRDA:35,5,1,3
BRDA:39,6,0,0
BRDA:39,6,1,3
BRDA:48,7,0,0
BRDA:48,7,1,3
BRDA:52,8,0,0
BRDA:52,8,1,3
BRDA:56,9,0,0
BRDA:56,9,1,3
BRDA:57,10,0,0
BRDA:57,10,1,0
BRF:20
BRH:9
end_of_record
TN:
SF:C:\Users\diginow\Documents\code\git\node-ipc\dao\members\server\broadcast.js
FN:5,broadcast
FNF:1
FNH:0
FNDA:0,broadcast
DA:1,1
DA:3,1
DA:5,1
DA:6,0
DA:7,0
DA:8,0
DA:9,0
DA:11,0
DA:12,0
DA:14,0
DA:17,0
DA:18,0
DA:19,0
DA:22,0
DA:23,0
DA:28,1
LF:16
LH:4
BRDA:6,1,0,0
BRDA:6,1,1,0
BRDA:11,2,0,0
BRDA:11,2,1,0
BRDA:17,3,0,0
BRDA:17,3,1,0
BRDA:17,4,0,0
BRDA:17,4,1,0
BRF:8
BRH:0
end_of_record
TN:
SF:C:\Users\diginow\Documents\code\git\node-ipc\dao\members\server\emit.js
FN:5,emit
FNF:1
FNH:0
FNDA:0,emit
DA:1,1
DA:3,1
DA:5,1
DA:6,0
DA:8,0
DA:9,0
DA:10,0
DA:12,0
DA:13,0
DA:14,0
DA:16,0
DA:19,0
DA:21,0
DA:22,0
DA:23,0
DA:24,0
DA:27,0
DA:31,0
DA:34,0
DA:37,1
LF:20
LH:4
BRDA:12,1,0,0
BRDA:12,1,1,0
BRDA:19,2,0,0
BRDA:19,2,1,0
BRDA:19,3,0,0
BRDA:19,3,1,0
BRDA:21,4,0,0
BRDA:21,4,1,0
BRDA:21,5,0,0
BRDA:21,5,1,0
BRF:10
BRH:0
end_of_record
TN:
SF:C:\Users\diginow\Documents\code\git\node-ipc\dao\members\server\#gotData.js
FN:5,gotData
FNF:1
FNH:0
FNDA:0,gotData
DA:1,1
DA:3,1
DA:5,1
DA:6,0
DA:7,0
DA:8,0
DA:9,0
DA:14,0
DA:17,0
DA:18,0
DA:21,0
DA:23,0
DA:24,0
DA:25,0
DA:28,0
DA:30,0
DA:32,0
DA:33,0
DA:34,0
DA:37,0
DA:38,0
DA:41,0
DA:43,0
DA:51,1
LF:24
LH:4
BRDA:6,1,0,0
BRDA:6,1,1,0
BRDA:6,2,0,0
BRDA:6,2,1,0
BRDA:7,3,0,0
BRDA:7,3,1,0
BRDA:17,4,0,0
BRDA:17,4,1,0
BRDA:23,5,0,0
BRDA:23,5,1,0
BRDA:23,6,0,0
BRDA:23,6,1,0
BRDA:37,7,0,0
BRDA:37,7,1,0
BRDA:37,8,0,0
BRDA:37,8,1,0
BRF:16
BRH:0
end_of_record
TN:
SF:C:\Users\diginow\Documents\code\git\node-ipc\dao\members\server\onStart.js
FN:3,onStart
FNF:1
FNH:0
FNDA:0,onStart
DA:1,1
DA:3,1
DA:4,0
DA:10,1
LF:4
LH:3
BRF:0
BRH:0
end_of_record
TN:
SF:C:\Users\diginow\Documents\code\git\node-ipc\dao\members\server\serverClosed.js
FN:3,serverClosed
FNF:1
FNH:0
FNDA:0,serverClosed
DA:1,1
DA:3,1
DA:4,0
DA:5,0
DA:6,0
DA:8,0
DA:9,0
DA:10,0
DA:14,0
DA:15,0
DA:18,0
DA:20,0
DA:21,0
DA:24,0
DA:26,0
DA:28,0
DA:32,1
LF:17
LH:3
BRDA:8,1,0,0
BRDA:8,1,1,0
BRDA:9,2,0,0
BRDA:9,2,1,0
BRDA:14,3,0,0
BRDA:14,3,1,0
BRDA:20,4,0,0
BRDA:20,4,1,0
BRDA:20,5,0,0
BRDA:20,5,1,0
BRF:10
BRH:0
end_of_record
TN:
SF:C:\Users\diginow\Documents\code\git\node-ipc\dao\members\server\#serverCreated.js
FN:3,serverCreated
FN:18,(anonymous_2)
FN:32,(anonymous_3)
FNF:3
FNH:0
FNDA:0,serverCreated
FNDA:0,(anonymous_2)
FNDA:0,(anonymous_3)
DA:1,1
DA:3,1
DA:4,0
DA:6,0
DA:7,0
DA:10,0
DA:11,0
DA:16,0
DA:19,0
DA:21,0
DA:25,0
DA:30,0
DA:33,0
DA:34,0
DA:37,0
DA:38,0
DA:40,0
DA:41,0
DA:43,0
DA:45,0
DA:49,0
DA:55,1
LF:22
LH:3
BRDA:6,1,0,0
BRDA:6,1,1,0
BRDA:33,2,0,0
BRDA:33,2,1,0
BRDA:40,3,0,0
BRDA:40,3,1,0
BRF:6
BRH:0
end_of_record
TN:
SF:C:\Users\diginow\Documents\code\git\node-ipc\dao\members\server\#socketClosed.js
FN:3,socketClosed
FNF:1
FNH:0
FNDA:0,socketClosed
DA:1,1
DA:3,1
DA:4,0
DA:10,1
LF:4
LH:3
BRF:0
BRH:0
end_of_record
TN:
SF:C:\Users\diginow\Documents\code\git\node-ipc\dao\members\server\start.js
FN:5,start
FNF:1
FNH:1
FNDA:4,start
DA:3,1
DA:5,1
DA:6,4
DA:7,0
DA:8,0
DA:11,4
DA:13,4
DA:20,1
LF:8
LH:6
BRDA:6,1,0,0
BRDA:6,1,1,4
BRF:2
BRH:1
end_of_record
TN:
SF:C:\Users\diginow\Documents\code\git\node-ipc\dao\members\server\#startServer.js
FN:5,startServer
FN:28,UDPServerStarted
FN:36,(anonymous_3)
FNF:3
FNH:1
FNDA:4,startServer
FNDA:0,UDPServerStarted
FNDA:0,(anonymous_3)
DA:1,1
DA:2,1
DA:5,1
DA:6,4
DA:7,4
DA:12,4
DA:13,2
DA:14,2
DA:15,2
DA:19,0
DA:22,2
DA:25,2
DA:26,0
DA:29,0
DA:34,2
DA:37,0
DA:39,0
DA:46,2
DA:48,2
DA:49,1
DA:50,1
DA:51,1
DA:52,1
DA:53,1
DA:56,1
DA:61,1
DA:64,1
DA:65,1
DA:66,1
DA:71,1
DA:74,0
DA:76,0
DA:84,1
LF:33
LH:26
BRDA:9,1,0,3
BRDA:9,1,1,1
BRDA:12,2,0,2
BRDA:12,2,1,2
BRDA:12,3,0,4
BRDA:12,3,1,3
BRDA:14,4,0,2
BRDA:14,4,1,0
BRDA:23,5,0,1
BRDA:23,5,1,1
BRDA:48,6,0,1
BRDA:48,6,1,1
BRDA:50,7,0,1
BRDA:50,7,1,0
BRDA:64,8,0,1
BRDA:64,8,1,0
BRDA:64,9,0,1
BRDA:64,9,1,1
BRDA:65,10,0,0
BRDA:65,10,1,1
BRDA:74,11,0,0
BRDA:74,11,1,0
BRF:22
BRH:16
end_of_record
TN:
SF:C:\Users\diginow\Documents\code\git\node-ipc\dao\members\server\#startTLSServer.js
FN:6,startTLSServer
FNF:1
FNH:0
FNDA:0,startTLSServer
DA:1,1
DA:3,1
DA:6,1
DA:7,0
DA:8,0
DA:9,0
DA:11,0
DA:13,0
DA:14,0
DA:16,0
DA:18,0
DA:19,0
DA:21,0
DA:22,0
DA:23,0
DA:25,0
DA:26,0
DA:27,0
DA:32,0
DA:38,1
LF:20
LH:4
BRDA:8,1,0,0
BRDA:8,1,1,0
BRDA:13,2,0,0
BRDA:13,2,1,0
BRDA:18,3,0,0
BRDA:18,3,1,0
BRDA:21,4,0,0
BRDA:21,4,1,0
BRDA:22,5,0,0
BRDA:22,5,1,0
BRF:10
BRH:0
end_of_record
TN:
SF:C:\Users\diginow\Documents\code\git\node-ipc\dao\members\server\stop.js
FN:3,stop
FNF:1
FNH:0
FNDA:0,stop
DA:1,1
DA:3,1
DA:4,0
DA:7,1
LF:4
LH:3
BRF:0
BRH:0
end_of_record
TN:
SF:C:\Users\diginow\Documents\code\git\node-ipc\dao\members\server\#UDPWrite.js
FN:3,UDPWrite
FN:11,(anonymous_2)
FN:16,(anonymous_3)
FNF:3
FNH:0
FNDA:0,UDPWrite
FNDA:0,(anonymous_2)
FNDA:0,(anonymous_3)
DA:1,1
DA:3,1
DA:4,0
DA:5,0
DA:12,0
DA:13,0
DA:14,0
DA:17,0
DA:25,1
LF:9
LH:3
BRDA:12,1,0,0
BRDA:12,1,1,0
BRF:2
BRH:0
end_of_record
TN:
SF:C:\Users\diginow\Documents\code\git\node-ipc\interfaces\members\IPC\disconnect.js
FN:3,disconnect
FNF:1
FNH:1
FNDA:4,disconnect
DA:3,1
DA:4,4
DA:5,0
DA:8,4
DA:10,4
DA:11,4
DA:12,4
DA:13,4
DA:17,4
DA:20,1
LF:10
LH:9
BRDA:4,1,0,0
BRDA:4,1,1,4
BRDA:11,2,0,4
BRDA:11,2,1,0
BRDA:12,3,0,4
BRDA:12,3,1,0
BRF:6
BRH:3
end_of_record
TN:
SF:C:\Users\diginow\Documents\code\git\node-ipc\interfaces\members\IPC\serve.js
FN:5,serve
FN:35,emptyCallback
FNF:2
FNH:1
FNDA:1,serve
FNDA:0,emptyCallback
DA:3,1
DA:5,1
DA:6,1
DA:7,0
DA:8,0
DA:10,1
DA:11,0
DA:16,0
DA:19,1
DA:20,0
DA:23,1
DA:29,1
DA:35,1
DA:37,1
LF:14
LH:9
BRDA:6,1,0,0
BRDA:6,1,1,1
BRDA:10,2,0,0
BRDA:10,2,1,1
BRDA:19,3,0,0
BRDA:19,3,1,1
BRF:6
BRH:3
end_of_record
TN:
SF:C:\Users\diginow\Documents\code\git\node-ipc\interfaces\members\IPC\serveNet.js
FN:5,emptyCallback
FN:7,serveNet
FNF:2
FNH:1
FNDA:0,emptyCallback
FNDA:3,serveNet
DA:3,1
DA:5,1
DA:7,1
DA:8,3
DA:9,1
DA:10,1
DA:11,1
DA:12,1
DA:14,3
DA:15,1
DA:16,1
DA:17,1
DA:18,1
DA:20,3
DA:21,2
DA:26,2
DA:28,3
DA:29,0
DA:30,0
DA:31,0
DA:32,0
DA:35,3
DA:36,0
DA:37,0
DA:38,0
DA:40,3
DA:41,0
DA:42,0
DA:43,0
DA:45,3
DA:46,1
DA:51,1
DA:54,3
DA:55,0
DA:56,0
DA:59,3
DA:60,0
DA:63,3
DA:70,3
DA:71,2
DA:72,2
DA:74,0
DA:78,3
DA:84,1
LF:44
LH:30
BRDA:8,1,0,1
BRDA:8,1,1,2
BRDA:14,2,0,1
BRDA:14,2,1,2
BRDA:20,3,0,2
BRDA:20,3,1,1
BRDA:28,4,0,0
BRDA:28,4,1,3
BRDA:28,5,0,3
BRDA:28,5,1,3
BRDA:35,6,0,0
BRDA:35,6,1,3
BRDA:40,7,0,0
BRDA:40,7,1,3
BRDA:45,8,0,1
BRDA:45,8,1,2
BRDA:54,9,0,0
BRDA:54,9,1,3
BRDA:59,10,0,0
BRDA:59,10,1,3
BRDA:70,11,0,2
BRDA:70,11,1,1
BRDA:72,12,0,0
BRDA:72,12,1,2
BRDA:72,13,0,2
BRDA:72,13,1,1
BRF:26
BRH:20
end_of_record
TN:
SF:C:\Users\diginow\Documents\code\git\node-ipc\interfaces\members\IPC\log.js
FN:5,log
FNF:1
FNH:1
FNDA:77,log
DA:3,1
DA:5,1
DA:6,77
DA:7,0
DA:10,77
DA:11,258
DA:12,235
DA:15,23
DA:24,77
DA:29,1
LF:10
LH:9
BRDA:6,1,0,0
BRDA:6,1,1,77
BRDA:11,2,0,235
BRDA:11,2,1,23
BRF:4
BRH:3
end_of_record
